# PLIKE V4.0 ZDCF peak likelihood analysis
# for file /home/stone28/projects/petl_mock/test_repo/plike_output/H-alpha/pyzdcf/H-alpha_pyzdcf.dcf
#
# num      lag         r         -dr        +dr    likelihood
# ---- ---------- ---------- ---------- ---------- ----------
     1 -4.990E+02  5.720E-02  4.465E-02  4.453E-02  0.000E+00
     2 -4.960E+02  4.004E-02  4.457E-02  4.449E-02  0.000E+00
     3 -4.930E+02  3.685E-02  4.445E-02  4.437E-02  0.000E+00
     4 -4.900E+02  3.642E-02  4.432E-02  4.424E-02  0.000E+00
     5 -4.870E+02  2.039E-02  4.421E-02  4.417E-02  0.000E+00
     6 -4.840E+02 -4.669E-03  4.407E-02  4.408E-02  0.000E+00
     7 -4.810E+02 -3.680E-02  4.386E-02  4.393E-02  0.000E+00
     8 -4.780E+02 -7.827E-02  4.348E-02  4.363E-02  0.000E+00
     9 -4.750E+02 -1.323E-01  4.281E-02  4.306E-02  0.000E+00
    10 -4.720E+02 -1.680E-01  4.219E-02  4.250E-02  0.000E+00
    11 -4.690E+02 -2.058E-01  4.142E-02  4.180E-02  0.000E+00
    12 -4.660E+02 -2.512E-01  4.037E-02  4.081E-02  0.000E+00
    13 -4.630E+02 -3.126E-01  3.872E-02  3.925E-02  0.000E+00
    14 -4.600E+02 -3.697E-01  3.690E-02  3.749E-02  0.000E+00
    15 -4.570E+02 -4.197E-01  3.508E-02  3.572E-02  0.000E+00
    16 -4.540E+02 -4.415E-01  3.417E-02  3.482E-02  0.000E+00
    17 -4.510E+02 -4.633E-01  3.322E-02  3.389E-02  0.000E+00
    18 -4.480E+02 -4.910E-01  3.200E-02  3.268E-02  0.000E+00
    19 -4.450E+02 -5.067E-01  3.124E-02  3.192E-02  0.000E+00
    20 -4.420E+02 -4.989E-01  3.149E-02  3.217E-02  0.000E+00
    21 -4.390E+02 -4.871E-01  3.191E-02  3.257E-02  0.000E+00
    22 -4.360E+02 -4.787E-01  3.216E-02  3.282E-02  0.000E+00
    23 -4.330E+02 -4.748E-01  3.224E-02  3.289E-02  0.000E+00
    24 -4.300E+02 -4.533E-01  3.300E-02  3.363E-02  0.000E+00
    25 -4.270E+02 -4.128E-01  3.440E-02  3.500E-02  0.000E+00
    26 -4.240E+02 -3.684E-01  3.578E-02  3.633E-02  0.000E+00
    27 -4.210E+02 -3.367E-01  3.663E-02  3.715E-02  0.000E+00
    28 -4.180E+02 -3.165E-01  3.709E-02  3.759E-02  0.000E+00
    29 -4.150E+02 -3.032E-01  3.735E-02  3.782E-02  0.000E+00
    30 -4.120E+02 -2.751E-01  3.794E-02  3.838E-02  0.000E+00
    31 -4.090E+02 -2.637E-01  3.811E-02  3.852E-02  0.000E+00
    32 -4.060E+02 -2.592E-01  3.811E-02  3.852E-02  0.000E+00
    33 -4.030E+02 -2.633E-01  3.793E-02  3.834E-02  0.000E+00
    34 -4.000E+02 -2.586E-01  3.793E-02  3.834E-02  0.000E+00
    35 -3.970E+02 -2.467E-01  3.809E-02  3.848E-02  0.000E+00
    36 -3.940E+02 -2.301E-01  3.833E-02  3.869E-02  0.000E+00
    37 -3.910E+02 -2.090E-01  3.863E-02  3.896E-02  0.000E+00
    38 -3.880E+02 -1.972E-01  3.874E-02  3.905E-02  0.000E+00
    39 -3.850E+02 -1.983E-01  3.862E-02  3.893E-02  0.000E+00
    40 -3.820E+02 -1.880E-01  3.870E-02  3.899E-02  0.000E+00
    41 -3.790E+02 -1.612E-01  3.900E-02  3.925E-02  0.000E+00
    42 -3.760E+02 -1.237E-01  3.936E-02  3.956E-02  0.000E+00
    43 -3.730E+02 -1.035E-01  3.947E-02  3.963E-02  0.000E+00
    44 -3.700E+02 -8.359E-02  3.954E-02  3.967E-02  0.000E+00
    45 -3.670E+02 -5.097E-02  3.964E-02  3.973E-02  0.000E+00
    46 -3.640E+02 -1.448E-02  3.967E-02  3.970E-02  0.000E+00
    47 -3.610E+02  2.722E-02  3.959E-02  3.955E-02  0.000E+00
    48 -3.580E+02  6.289E-02  3.940E-02  3.930E-02  0.000E+00
    49 -3.550E+02  9.661E-02  3.912E-02  3.897E-02  0.000E+00
    50 -3.520E+02  1.212E-01  3.884E-02  3.865E-02  0.000E+00
    51 -3.490E+02  1.565E-01  3.839E-02  3.815E-02  0.000E+00
    52 -3.460E+02  2.016E-01  3.770E-02  3.740E-02  0.000E+00
    53 -3.430E+02  2.375E-01  3.702E-02  3.668E-02  0.000E+00
    54 -3.400E+02  2.594E-01  3.652E-02  3.616E-02  0.000E+00
    55 -3.370E+02  2.653E-01  3.633E-02  3.595E-02  0.000E+00
    56 -3.340E+02  2.676E-01  3.620E-02  3.582E-02  0.000E+00
    57 -3.310E+02  2.474E-01  3.651E-02  3.616E-02  0.000E+00
    58 -3.280E+02  2.180E-01  3.693E-02  3.662E-02  0.000E+00
    59 -3.250E+02  2.003E-01  3.712E-02  3.684E-02  0.000E+00
    60 -3.220E+02  1.776E-01  3.736E-02  3.710E-02  0.000E+00
    61 -3.190E+02  1.476E-01  3.763E-02  3.742E-02  0.000E+00
    62 -3.160E+02  1.341E-01  3.768E-02  3.749E-02  0.000E+00
    63 -3.130E+02  1.220E-01  3.771E-02  3.753E-02  0.000E+00
    64 -3.100E+02  1.138E-01  3.769E-02  3.753E-02  0.000E+00
    65 -3.070E+02  1.017E-01  3.770E-02  3.756E-02  0.000E+00
    66 -3.040E+02  8.415E-02  3.773E-02  3.761E-02  0.000E+00
    67 -3.010E+02  7.945E-02  3.768E-02  3.756E-02  0.000E+00
    68 -2.980E+02  7.584E-02  3.761E-02  3.751E-02  0.000E+00
    69 -2.950E+02  7.828E-02  3.752E-02  3.741E-02  0.000E+00
    70 -2.920E+02  7.749E-02  3.745E-02  3.734E-02  0.000E+00
    71 -2.890E+02  6.889E-02  3.741E-02  3.731E-02  0.000E+00
    72 -2.860E+02  6.241E-02  3.736E-02  3.727E-02  0.000E+00
    73 -2.830E+02  5.825E-02  3.729E-02  3.721E-02  0.000E+00
    74 -2.800E+02  6.020E-02  3.721E-02  3.713E-02  0.000E+00
    75 -2.770E+02  5.487E-02  3.715E-02  3.707E-02  0.000E+00
    76 -2.740E+02  4.269E-02  3.711E-02  3.705E-02  0.000E+00
    77 -2.710E+02  2.440E-02  3.707E-02  3.703E-02  0.000E+00
    78 -2.680E+02  1.408E-02  3.700E-02  3.698E-02  0.000E+00
    79 -2.650E+02 -8.748E-03  3.691E-02  3.692E-02  0.000E+00
    80 -2.620E+02 -4.738E-02  3.673E-02  3.679E-02  0.000E+00
    81 -2.590E+02 -8.643E-02  3.644E-02  3.655E-02  0.000E+00
    82 -2.560E+02 -1.146E-01  3.614E-02  3.629E-02  0.000E+00
    83 -2.530E+02 -1.426E-01  3.578E-02  3.597E-02  0.000E+00
    84 -2.500E+02 -1.704E-01  3.538E-02  3.560E-02  0.000E+00
    85 -2.470E+02 -1.951E-01  3.496E-02  3.521E-02  0.000E+00
    86 -2.440E+02 -2.184E-01  3.453E-02  3.480E-02  0.000E+00
    87 -2.410E+02 -2.450E-01  3.400E-02  3.430E-02  0.000E+00
    88 -2.380E+02 -2.439E-01  3.395E-02  3.425E-02  0.000E+00
    89 -2.350E+02 -2.350E-01  3.404E-02  3.433E-02  0.000E+00
    90 -2.320E+02 -2.197E-01  3.423E-02  3.451E-02  0.000E+00
    91 -2.290E+02 -2.031E-01  3.443E-02  3.469E-02  0.000E+00
    92 -2.260E+02 -1.756E-01  3.476E-02  3.498E-02  0.000E+00
    93 -2.230E+02 -1.573E-01  3.492E-02  3.512E-02  0.000E+00
    94 -2.200E+02 -1.341E-01  3.511E-02  3.528E-02  0.000E+00
    95 -2.170E+02 -9.707E-02  3.537E-02  3.549E-02  0.000E+00
    96 -2.140E+02 -6.581E-02  3.550E-02  3.559E-02  0.000E+00
    97 -2.110E+02 -4.629E-02  3.553E-02  3.558E-02  0.000E+00
    98 -2.080E+02 -1.714E-02  3.554E-02  3.556E-02  0.000E+00
    99 -2.050E+02  2.687E-02  3.549E-02  3.545E-02  0.000E+00
   100 -2.020E+02  5.994E-02  3.534E-02  3.526E-02  0.000E+00
   101 -1.990E+02  8.413E-02  3.516E-02  3.506E-02  0.000E+00
   102 -1.960E+02  9.905E-02  3.501E-02  3.489E-02  0.000E+00
   103 -1.930E+02  1.120E-01  3.486E-02  3.472E-02  0.000E+00
   104 -1.900E+02  1.281E-01  3.467E-02  3.451E-02  0.000E+00
   105 -1.870E+02  1.287E-01  3.460E-02  3.444E-02  0.000E+00
   106 -1.840E+02  1.144E-01  3.465E-02  3.451E-02  0.000E+00
   107 -1.810E+02  8.753E-02  3.476E-02  3.465E-02  0.000E+00
   108 -1.780E+02  7.270E-02  3.477E-02  3.468E-02  0.000E+00
   109 -1.750E+02  5.967E-02  3.476E-02  3.468E-02  0.000E+00
   110 -1.720E+02  2.600E-02  3.477E-02  3.474E-02  0.000E+00
   111 -1.690E+02  7.626E-03  3.472E-02  3.471E-02  0.000E+00
   112 -1.660E+02  1.575E-02  3.466E-02  3.464E-02  0.000E+00
   113 -1.630E+02  3.232E-02  3.458E-02  3.454E-02  0.000E+00
   114 -1.600E+02  5.288E-02  3.447E-02  3.440E-02  0.000E+00
   115 -1.570E+02  6.749E-02  3.435E-02  3.427E-02  0.000E+00
   116 -1.540E+02  7.156E-02  3.427E-02  3.419E-02  0.000E+00
   117 -1.510E+02  8.086E-02  3.417E-02  3.407E-02  0.000E+00
   118 -1.480E+02  8.217E-02  3.410E-02  3.401E-02  0.000E+00
   119 -1.450E+02  8.056E-02  3.405E-02  3.396E-02  0.000E+00
   120 -1.420E+02  7.055E-02  3.404E-02  3.395E-02  0.000E+00
   121 -1.390E+02  6.676E-02  3.399E-02  3.392E-02  0.000E+00
   122 -1.360E+02  6.233E-02  3.395E-02  3.388E-02  0.000E+00
   123 -1.330E+02  2.569E-02  3.398E-02  3.395E-02  0.000E+00
   124 -1.300E+02 -1.550E-02  3.391E-02  3.393E-02  0.000E+00
   125 -1.270E+02 -3.447E-02  3.381E-02  3.385E-02  0.000E+00
   126 -1.240E+02 -4.792E-02  3.371E-02  3.376E-02  0.000E+00
   127 -1.210E+02 -6.766E-02  3.356E-02  3.364E-02  0.000E+00
   128 -1.180E+02 -9.191E-02  3.336E-02  3.346E-02  0.000E+00
   129 -1.150E+02 -1.156E-01  3.313E-02  3.325E-02  0.000E+00
   130 -1.120E+02 -1.368E-01  3.288E-02  3.303E-02  0.000E+00
   131 -1.090E+02 -1.539E-01  3.265E-02  3.282E-02  0.000E+00
   132 -1.060E+02 -1.792E-01  3.230E-02  3.249E-02  0.000E+00
   133 -1.030E+02 -2.124E-01  3.179E-02  3.202E-02  0.000E+00
   134 -1.000E+02 -2.321E-01  3.144E-02  3.168E-02  0.000E+00
   135 -9.700E+01 -2.312E-01  3.140E-02  3.164E-02  0.000E+00
   136 -9.400E+01 -2.261E-01  3.143E-02  3.167E-02  0.000E+00
   137 -9.100E+01 -2.110E-01  3.160E-02  3.183E-02  0.000E+00
   138 -8.800E+01 -1.916E-01  3.182E-02  3.202E-02  0.000E+00
   139 -8.500E+01 -1.706E-01  3.203E-02  3.221E-02  0.000E+00
   140 -8.200E+01 -1.416E-01  3.229E-02  3.244E-02  0.000E+00
   141 -7.900E+01 -1.169E-01  3.246E-02  3.259E-02  0.000E+00
   142 -7.600E+01 -1.084E-01  3.248E-02  3.259E-02  0.000E+00
   143 -7.300E+01 -1.021E-01  3.247E-02  3.258E-02  0.000E+00
   144 -7.000E+01 -8.978E-02  3.250E-02  3.260E-02  0.000E+00
   145 -6.700E+01 -8.340E-02  3.249E-02  3.258E-02  0.000E+00
   146 -6.400E+01 -9.073E-02  3.239E-02  3.249E-02  0.000E+00
   147 -6.100E+01 -9.368E-02  3.232E-02  3.242E-02  0.000E+00
   148 -5.800E+01 -7.351E-02  3.239E-02  3.247E-02  0.000E+00
   149 -5.500E+01 -5.231E-02  3.244E-02  3.249E-02  0.000E+00
   150 -5.200E+01 -3.339E-02  3.245E-02  3.248E-02  0.000E+00
   151 -4.900E+01 -9.383E-03  3.244E-02  3.245E-02  0.000E+00
   152 -4.600E+01  1.289E-02  3.240E-02  3.239E-02  0.000E+00
   153 -4.300E+01  4.551E-02  3.230E-02  3.226E-02  0.000E+00
   154 -4.000E+01  8.220E-02  3.212E-02  3.204E-02  0.000E+00
   155 -3.700E+01  1.125E-01  3.190E-02  3.178E-02  0.000E+00
   156 -3.400E+01  1.615E-01  3.144E-02  3.128E-02  0.000E+00
   157 -3.100E+01  2.282E-01  3.058E-02  3.036E-02  0.000E+00
   158 -2.800E+01  2.857E-01  2.961E-02  2.934E-02  0.000E+00
   159 -2.500E+01  3.358E-01  2.859E-02  2.828E-02  0.000E+00
   160 -2.200E+01  3.950E-01  2.718E-02  2.683E-02  0.000E+00
   161 -1.900E+01  4.581E-01  2.543E-02  2.506E-02  0.000E+00
   162 -1.600E+01  5.315E-01  2.308E-02  2.269E-02  0.000E+00
   163 -1.300E+01  6.047E-01  2.040E-02  2.001E-02  0.000E+00
   164 -1.000E+01  6.706E-01  1.768E-02  1.731E-02  0.000E+00
   165 -7.000E+00  7.350E-01  1.477E-02  1.443E-02  0.000E+00
   166 -4.000E+00  8.244E-01  1.029E-02  1.002E-02  1.833E-36
   167 -1.000E+00  9.259E-01  4.585E-03  4.453E-03  1.504E-01
   168  1.000E+00  9.314E-01  4.253E-03  4.130E-03  6.576E-01
   169  4.000E+00  8.464E-01  9.111E-03  8.869E-03  5.296E-27
   170  7.000E+00  7.714E-01  1.302E-02  1.270E-02  0.000E+00
   171  1.000E+01  7.221E-01  1.540E-02  1.505E-02  0.000E+00
   172  1.300E+01  6.709E-01  1.770E-02  1.733E-02  0.000E+00
   173  1.600E+01  6.134E-01  2.009E-02  1.970E-02  0.000E+00
   174  1.900E+01  5.577E-01  2.221E-02  2.181E-02  0.000E+00
   175  2.200E+01  5.115E-01  2.382E-02  2.343E-02  0.000E+00
   176  2.500E+01  4.697E-01  2.516E-02  2.479E-02  0.000E+00
   177  2.800E+01  4.362E-01  2.617E-02  2.581E-02  0.000E+00
   178  3.100E+01  3.960E-01  2.728E-02  2.693E-02  0.000E+00
   179  3.400E+01  3.403E-01  2.862E-02  2.831E-02  0.000E+00
   180  3.700E+01  2.850E-01  2.976E-02  2.949E-02  0.000E+00
   181  4.000E+01  2.407E-01  3.054E-02  3.031E-02  0.000E+00
   182  4.300E+01  1.919E-01  3.125E-02  3.106E-02  0.000E+00
   183  4.600E+01  1.500E-01  3.175E-02  3.159E-02  0.000E+00
   184  4.900E+01  1.194E-01  3.205E-02  3.192E-02  0.000E+00
   185  5.200E+01  8.653E-02  3.230E-02  3.221E-02  0.000E+00
   186  5.500E+01  5.796E-02  3.247E-02  3.241E-02  0.000E+00
   187  5.800E+01  2.753E-02  3.259E-02  3.257E-02  0.000E+00
   188  6.100E+01 -1.733E-03  3.266E-02  3.266E-02  0.000E+00
   189  6.400E+01 -7.487E-03  3.270E-02  3.271E-02  0.000E+00
   190  6.700E+01 -1.109E-02  3.275E-02  3.276E-02  0.000E+00
   191  7.000E+01 -3.083E-02  3.277E-02  3.280E-02  0.000E+00
   192  7.300E+01 -5.504E-02  3.274E-02  3.280E-02  0.000E+00
   193  7.600E+01 -7.099E-02  3.272E-02  3.279E-02  0.000E+00
   194  7.900E+01 -8.855E-02  3.267E-02  3.276E-02  0.000E+00
   195  8.200E+01 -1.213E-01  3.248E-02  3.261E-02  0.000E+00
   196  8.500E+01 -1.588E-01  3.216E-02  3.233E-02  0.000E+00
   197  8.800E+01 -1.869E-01  3.188E-02  3.208E-02  0.000E+00
   198  9.100E+01 -2.124E-01  3.158E-02  3.181E-02  0.000E+00
   199  9.400E+01 -2.335E-01  3.131E-02  3.156E-02  0.000E+00
   200  9.700E+01 -2.443E-01  3.119E-02  3.144E-02  0.000E+00
   201  1.000E+02 -2.517E-01  3.111E-02  3.138E-02  0.000E+00
   202  1.030E+02 -2.369E-01  3.141E-02  3.166E-02  0.000E+00
   203  1.060E+02 -2.069E-01  3.193E-02  3.215E-02  0.000E+00
   204  1.090E+02 -1.852E-01  3.228E-02  3.248E-02  0.000E+00
   205  1.120E+02 -1.707E-01  3.251E-02  3.270E-02  0.000E+00
   206  1.150E+02 -1.526E-01  3.277E-02  3.294E-02  0.000E+00
   207  1.180E+02 -1.336E-01  3.302E-02  3.317E-02  0.000E+00
   208  1.210E+02 -1.134E-01  3.326E-02  3.338E-02  0.000E+00
   209  1.240E+02 -9.636E-02  3.344E-02  3.355E-02  0.000E+00
   210  1.270E+02 -8.348E-02  3.359E-02  3.368E-02  0.000E+00
   211  1.300E+02 -6.245E-02  3.376E-02  3.383E-02  0.000E+00
   212  1.330E+02 -1.841E-02  3.397E-02  3.399E-02  0.000E+00
   213  1.360E+02  2.023E-02  3.404E-02  3.402E-02  0.000E+00
   214  1.390E+02  2.502E-02  3.410E-02  3.407E-02  0.000E+00
   215  1.420E+02  2.914E-02  3.415E-02  3.412E-02  0.000E+00
   216  1.450E+02  4.066E-02  3.419E-02  3.415E-02  0.000E+00
   217  1.480E+02  4.284E-02  3.425E-02  3.420E-02  0.000E+00
   218  1.510E+02  4.343E-02  3.431E-02  3.426E-02  0.000E+00
   219  1.540E+02  3.884E-02  3.438E-02  3.433E-02  0.000E+00
   220  1.570E+02  4.130E-02  3.443E-02  3.439E-02  0.000E+00
   221  1.600E+02  3.286E-02  3.451E-02  3.447E-02  0.000E+00
   222  1.630E+02  1.712E-02  3.459E-02  3.457E-02  0.000E+00
   223  1.660E+02  8.370E-03  3.466E-02  3.465E-02  0.000E+00
   224  1.690E+02  1.137E-02  3.472E-02  3.471E-02  0.000E+00
   225  1.720E+02  4.007E-02  3.475E-02  3.470E-02  0.000E+00
   226  1.750E+02  8.317E-02  3.465E-02  3.455E-02  0.000E+00
   227  1.780E+02  1.022E-01  3.460E-02  3.448E-02  0.000E+00
   228  1.810E+02  1.218E-01  3.453E-02  3.438E-02  0.000E+00
   229  1.840E+02  1.547E-01  3.429E-02  3.410E-02  0.000E+00
   230  1.870E+02  1.723E-01  3.416E-02  3.395E-02  0.000E+00
   231  1.900E+02  1.728E-01  3.422E-02  3.401E-02  0.000E+00
   232  1.930E+02  1.574E-01  3.445E-02  3.426E-02  0.000E+00
   233  1.960E+02  1.445E-01  3.465E-02  3.447E-02  0.000E+00
   234  1.990E+02  1.309E-01  3.484E-02  3.468E-02  0.000E+00
   235  2.020E+02  1.086E-01  3.508E-02  3.494E-02  0.000E+00
   236  2.050E+02  7.883E-02  3.532E-02  3.523E-02  0.000E+00
   237  2.080E+02  3.868E-02  3.553E-02  3.549E-02  0.000E+00
   238  2.110E+02  1.103E-02  3.563E-02  3.562E-02  0.000E+00
   239  2.140E+02 -8.906E-03  3.569E-02  3.570E-02  0.000E+00
   240  2.170E+02 -4.118E-02  3.568E-02  3.573E-02  0.000E+00
   241  2.200E+02 -8.076E-02  3.555E-02  3.565E-02  0.000E+00
   242  2.230E+02 -1.075E-01  3.542E-02  3.556E-02  0.000E+00
   243  2.260E+02 -1.311E-01  3.527E-02  3.544E-02  0.000E+00
   244  2.290E+02 -1.679E-01  3.492E-02  3.514E-02  0.000E+00
   245  2.320E+02 -1.945E-01  3.463E-02  3.487E-02  0.000E+00
   246  2.350E+02 -2.197E-01  3.430E-02  3.458E-02  0.000E+00
   247  2.380E+02 -2.381E-01  3.405E-02  3.435E-02  0.000E+00
   248  2.410E+02 -2.503E-01  3.390E-02  3.421E-02  0.000E+00
   249  2.440E+02 -2.331E-01  3.428E-02  3.457E-02  0.000E+00
   250  2.470E+02 -2.161E-01  3.463E-02  3.491E-02  0.000E+00
   251  2.500E+02 -1.972E-01  3.500E-02  3.525E-02  0.000E+00
   252  2.530E+02 -1.764E-01  3.537E-02  3.560E-02  0.000E+00
   253  2.560E+02 -1.541E-01  3.572E-02  3.592E-02  0.000E+00
   254  2.590E+02 -1.305E-01  3.606E-02  3.623E-02  0.000E+00
   255  2.620E+02 -9.634E-02  3.644E-02  3.657E-02  0.000E+00
   256  2.650E+02 -6.082E-02  3.674E-02  3.682E-02  0.000E+00
   257  2.680E+02 -4.025E-02  3.691E-02  3.696E-02  0.000E+00
   258  2.710E+02 -3.384E-02  3.701E-02  3.705E-02  0.000E+00
   259  2.740E+02 -1.865E-02  3.712E-02  3.715E-02  0.000E+00
   260  2.770E+02 -6.026E-03  3.722E-02  3.723E-02  0.000E+00
   261  2.800E+02  1.079E-03  3.730E-02  3.730E-02  0.000E+00
   262  2.830E+02  2.643E-04  3.738E-02  3.738E-02  0.000E+00
   263  2.860E+02  3.982E-03  3.746E-02  3.746E-02  0.000E+00
   264  2.890E+02  1.061E-02  3.754E-02  3.753E-02  0.000E+00
   265  2.920E+02  1.954E-02  3.762E-02  3.759E-02  0.000E+00
   266  2.950E+02  2.062E-02  3.770E-02  3.767E-02  0.000E+00
   267  2.980E+02  1.789E-02  3.778E-02  3.775E-02  0.000E+00
   268  3.010E+02  2.169E-02  3.786E-02  3.783E-02  0.000E+00
   269  3.040E+02  2.838E-02  3.793E-02  3.789E-02  0.000E+00
   270  3.070E+02  5.070E-02  3.796E-02  3.789E-02  0.000E+00
   271  3.100E+02  7.013E-02  3.797E-02  3.787E-02  0.000E+00
   272  3.130E+02  8.724E-02  3.796E-02  3.784E-02  0.000E+00
   273  3.160E+02  1.062E-01  3.792E-02  3.776E-02  0.000E+00
   274  3.190E+02  1.246E-01  3.785E-02  3.767E-02  0.000E+00
   275  3.220E+02  1.612E-01  3.756E-02  3.733E-02  0.000E+00
   276  3.250E+02  1.921E-01  3.724E-02  3.697E-02  0.000E+00
   277  3.280E+02  2.173E-01  3.694E-02  3.664E-02  0.000E+00
   278  3.310E+02  2.553E-01  3.636E-02  3.600E-02  0.000E+00
   279  3.340E+02  2.838E-01  3.586E-02  3.547E-02  0.000E+00
   280  3.370E+02  2.884E-01  3.584E-02  3.544E-02  0.000E+00
   281  3.400E+02  2.911E-01  3.586E-02  3.546E-02  0.000E+00
   282  3.430E+02  2.790E-01  3.621E-02  3.581E-02  0.000E+00
   283  3.460E+02  2.507E-01  3.686E-02  3.650E-02  0.000E+00
   284  3.490E+02  2.109E-01  3.764E-02  3.733E-02  0.000E+00
   285  3.520E+02  1.800E-01  3.818E-02  3.791E-02  0.000E+00
   286  3.550E+02  1.613E-01  3.851E-02  3.827E-02  0.000E+00
   287  3.580E+02  1.349E-01  3.889E-02  3.869E-02  0.000E+00
   288  3.610E+02  1.055E-01  3.924E-02  3.908E-02  0.000E+00
   289  3.640E+02  7.010E-02  3.955E-02  3.944E-02  0.000E+00
   290  3.670E+02  3.859E-02  3.976E-02  3.970E-02  0.000E+00
   291  3.700E+02  6.444E-03  3.989E-02  3.988E-02  0.000E+00
   292  3.730E+02 -1.601E-02  3.996E-02  3.998E-02  0.000E+00
   293  3.760E+02 -4.040E-02  3.998E-02  4.004E-02  0.000E+00
   294  3.790E+02 -8.190E-02  3.984E-02  3.997E-02  0.000E+00
   295  3.820E+02 -1.127E-01  3.967E-02  3.985E-02  0.000E+00
   296  3.850E+02 -1.273E-01  3.961E-02  3.982E-02  0.000E+00
   297  3.880E+02 -1.267E-01  3.971E-02  3.992E-02  0.000E+00
   298  3.910E+02 -1.376E-01  3.969E-02  3.991E-02  0.000E+00
   299  3.940E+02 -1.574E-01  3.953E-02  3.979E-02  0.000E+00
   300  3.970E+02 -1.747E-01  3.938E-02  3.966E-02  0.000E+00
   301  4.000E+02 -1.887E-01  3.926E-02  3.957E-02  0.000E+00
   302  4.030E+02 -1.959E-01  3.924E-02  3.956E-02  0.000E+00
   303  4.060E+02 -1.933E-01  3.938E-02  3.970E-02  0.000E+00
   304  4.090E+02 -1.988E-01  3.939E-02  3.972E-02  0.000E+00
   305  4.120E+02 -2.146E-01  3.921E-02  3.956E-02  0.000E+00
   306  4.150E+02 -2.493E-01  3.862E-02  3.902E-02  0.000E+00
   307  4.180E+02 -2.666E-01  3.833E-02  3.876E-02  0.000E+00
   308  4.210E+02 -2.871E-01  3.795E-02  3.840E-02  0.000E+00
   309  4.240E+02 -3.212E-01  3.716E-02  3.766E-02  0.000E+00
   310  4.270E+02 -3.733E-01  3.571E-02  3.628E-02  0.000E+00
   311  4.300E+02 -4.217E-01  3.417E-02  3.478E-02  0.000E+00
   312  4.330E+02 -4.514E-01  3.316E-02  3.379E-02  0.000E+00
   313  4.360E+02 -4.620E-01  3.283E-02  3.348E-02  0.000E+00
   314  4.390E+02 -4.736E-01  3.246E-02  3.312E-02  0.000E+00
   315  4.420E+02 -4.892E-01  3.190E-02  3.257E-02  0.000E+00
   316  4.450E+02 -5.045E-01  3.134E-02  3.202E-02  0.000E+00
   317  4.480E+02 -4.987E-01  3.167E-02  3.235E-02  0.000E+00
   318  4.510E+02 -4.807E-01  3.251E-02  3.319E-02  0.000E+00
   319  4.540E+02 -4.690E-01  3.308E-02  3.376E-02  0.000E+00
   320  4.570E+02 -4.575E-01  3.363E-02  3.430E-02  0.000E+00
   321  4.600E+02 -4.173E-01  3.526E-02  3.590E-02  0.000E+00
   322  4.630E+02 -3.706E-01  3.697E-02  3.757E-02  0.000E+00
   323  4.660E+02 -3.204E-01  3.861E-02  3.915E-02  0.000E+00
   324  4.690E+02 -2.832E-01  3.972E-02  4.021E-02  0.000E+00
   325  4.720E+02 -2.535E-01  4.055E-02  4.100E-02  0.000E+00
   326  4.750E+02 -2.284E-01  4.121E-02  4.163E-02  0.000E+00
   327  4.780E+02 -1.844E-01  4.216E-02  4.251E-02  0.000E+00
   328  4.810E+02 -1.492E-01  4.283E-02  4.311E-02  0.000E+00
   329  4.840E+02 -1.213E-01  4.331E-02  4.355E-02  0.000E+00
   330  4.870E+02 -9.981E-02  4.367E-02  4.386E-02  0.000E+00
   331  4.900E+02 -8.431E-02  4.394E-02  4.411E-02  0.000E+00
   332  4.930E+02 -8.097E-02  4.410E-02  4.426E-02  0.000E+00
   333  4.960E+02 -7.085E-02  4.431E-02  4.445E-02  0.000E+00
   334  4.990E+02 -4.305E-02  4.461E-02  4.470E-02  0.000E+00
#
# ML Peak at t_lag =  +1.000E+00, Likelihood at peak =  +6.576E-01
# 1 sigma ML t_lag interval =  +1.000E+00  +2.000E+00  -1.516E+00
#                           = ( -5.162E-01 ,  +3.000E+00)
