# PLIKE V4.0 ZDCF peak likelihood analysis
# for file /home/stone28/pypetal/toml_output/zing/pyzdcf/zing_zdcf.dcf
#
# num      lag         r         -dr        +dr    likelihood
# ---- ---------- ---------- ---------- ---------- ----------
     1 -9.925E+02 -7.352E-01  7.487E-02  8.526E-02  0.000E+00
     2 -9.845E+02 -7.242E-01  8.110E-02  9.277E-02  0.000E+00
     3 -9.765E+02 -7.062E-01  8.995E-02  1.033E-01  0.000E+00
     4 -9.685E+02 -6.689E-01  1.052E-01  1.210E-01  0.000E+00
     5 -9.605E+02 -6.215E-01  1.250E-01  1.438E-01  0.000E+00
     6 -9.285E+02 -4.862E-01  2.233E-01  2.641E-01  0.000E+00
     7 -8.928E+02 -6.966E-01  1.512E-01  1.935E-01  0.000E+00
     8 -8.804E+02 -9.697E-01  1.586E-02  2.149E-02  0.000E+00
     9 -8.724E+02 -9.475E-01  2.378E-02  3.061E-02  0.000E+00
    10 -8.644E+02 -9.195E-01  3.238E-02  4.024E-02  0.000E+00
    11 -8.564E+02 -8.757E-01  4.499E-02  5.430E-02  0.000E+00
    12 -8.484E+02 -8.637E-01  4.553E-02  5.400E-02  0.000E+00
    13 -8.404E+02 -8.386E-01  4.998E-02  5.833E-02  0.000E+00
    14 -8.324E+02 -8.137E-01  5.388E-02  6.203E-02  0.000E+00
    15 -8.244E+02 -7.961E-01  5.556E-02  6.329E-02  0.000E+00
    16 -8.164E+02 -8.072E-01  5.039E-02  5.713E-02  0.000E+00
    17 -8.084E+02 -8.137E-01  4.681E-02  5.282E-02  0.000E+00
    18 -8.004E+02 -8.160E-01  4.452E-02  5.001E-02  0.000E+00
    19 -7.924E+02 -8.033E-01  4.562E-02  5.092E-02  0.000E+00
    20 -7.844E+02 -7.826E-01  4.828E-02  5.354E-02  0.000E+00
    21 -7.764E+02 -7.749E-01  4.824E-02  5.327E-02  0.000E+00
    22 -7.684E+02 -7.619E-01  4.958E-02  5.453E-02  0.000E+00
    23 -7.604E+02 -7.398E-01  5.207E-02  5.696E-02  0.000E+00
    24 -7.524E+02 -7.150E-01  5.482E-02  5.964E-02  0.000E+00
    25 -7.444E+02 -6.765E-01  5.945E-02  6.426E-02  0.000E+00
    26 -7.364E+02 -6.474E-01  6.226E-02  6.694E-02  0.000E+00
    27 -7.284E+02 -6.114E-01  6.571E-02  7.025E-02  0.000E+00
    28 -7.204E+02 -5.736E-01  6.901E-02  7.337E-02  0.000E+00
    29 -7.124E+02 -5.354E-01  7.519E-02  7.973E-02  0.000E+00
    30 -7.044E+02 -5.011E-01  8.098E-02  8.567E-02  0.000E+00
    31 -6.963E+02 -4.743E-01  8.603E-02  9.087E-02  0.000E+00
    32 -6.883E+02 -4.448E-01  9.156E-02  9.652E-02  0.000E+00
    33 -6.803E+02 -4.464E-01  9.393E-02  9.919E-02  0.000E+00
    34 -6.723E+02 -4.473E-01  9.660E-02  1.022E-01  0.000E+00
    35 -6.643E+02 -4.647E-01  9.753E-02  1.036E-01  0.000E+00
    36 -6.563E+02 -4.847E-01  9.822E-02  1.048E-01  0.000E+00
    37 -6.483E+02 -4.886E-01  1.012E-01  1.084E-01  0.000E+00
    38 -6.403E+02 -5.079E-01  1.023E-01  1.101E-01  0.000E+00
    39 -6.323E+02 -5.149E-01  1.055E-01  1.141E-01  0.000E+00
    40 -6.243E+02 -4.960E-01  1.134E-01  1.227E-01  0.000E+00
    41 -6.163E+02 -4.710E-01  1.232E-01  1.334E-01  0.000E+00
    42 -6.083E+02 -4.870E-01  1.274E-01  1.390E-01  0.000E+00
    43 -6.003E+02 -5.252E-01  1.282E-01  1.417E-01  0.000E+00
    44 -5.923E+02 -5.355E-01  1.353E-01  1.511E-01  0.000E+00
    45 -5.843E+02 -5.435E-01  1.418E-01  1.599E-01  0.000E+00
    46 -5.603E+02 -5.176E-01  2.128E-01  2.542E-01  0.000E+00
    47 -5.328E+02 -6.991E-01  1.325E-01  1.637E-01  0.000E+00
    48 -5.203E+02 -8.331E-01  7.484E-02  9.475E-02  0.000E+00
    49 -5.123E+02 -8.006E-01  7.655E-02  9.279E-02  0.000E+00
    50 -5.043E+02 -7.607E-01  8.084E-02  9.502E-02  0.000E+00
    51 -4.962E+02 -7.176E-01  8.546E-02  9.812E-02  0.000E+00
    52 -4.882E+02 -6.523E-01  9.439E-02  1.060E-01  0.000E+00
    53 -4.802E+02 -6.007E-01  9.874E-02  1.091E-01  0.000E+00
    54 -4.722E+02 -5.465E-01  1.026E-01  1.117E-01  0.000E+00
    55 -4.642E+02 -4.998E-01  1.045E-01  1.125E-01  0.000E+00
    56 -4.562E+02 -4.863E-01  1.015E-01  1.087E-01  0.000E+00
    57 -4.482E+02 -4.827E-01  9.766E-02  1.042E-01  0.000E+00
    58 -4.402E+02 -4.828E-01  9.380E-02  9.977E-02  0.000E+00
    59 -4.322E+02 -4.584E-01  9.324E-02  9.865E-02  0.000E+00
    60 -4.242E+02 -4.277E-01  9.336E-02  9.822E-02  0.000E+00
    61 -4.162E+02 -4.037E-01  9.273E-02  9.713E-02  0.000E+00
    62 -4.082E+02 -3.740E-01  9.315E-02  9.713E-02  0.000E+00
    63 -4.002E+02 -3.327E-01  9.377E-02  9.722E-02  0.000E+00
    64 -3.922E+02 -3.147E-01  9.251E-02  9.564E-02  0.000E+00
    65 -3.842E+02 -3.021E-01  9.097E-02  9.384E-02  0.000E+00
    66 -3.762E+02 -2.866E-01  8.971E-02  9.232E-02  0.000E+00
    67 -3.682E+02 -2.849E-01  8.771E-02  9.018E-02  0.000E+00
    68 -3.602E+02 -3.019E-01  8.475E-02  8.723E-02  0.000E+00
    69 -3.522E+02 -2.820E-01  8.788E-02  9.034E-02  0.000E+00
    70 -3.442E+02 -2.461E-01  9.201E-02  9.430E-02  0.000E+00
    71 -3.362E+02 -2.158E-01  9.588E-02  9.803E-02  0.000E+00
    72 -3.282E+02 -2.089E-01  9.877E-02  1.010E-01  0.000E+00
    73 -3.202E+02 -1.762E-01  1.031E-01  1.051E-01  0.000E+00
    74 -3.122E+02 -1.448E-01  1.074E-01  1.092E-01  0.000E+00
    75 -3.042E+02 -1.338E-01  1.113E-01  1.130E-01  0.000E+00
    76 -2.961E+02 -1.323E-01  1.151E-01  1.170E-01  0.000E+00
    77 -2.881E+02 -1.394E-01  1.190E-01  1.211E-01  0.000E+00
    78 -2.801E+02 -1.420E-01  1.236E-01  1.259E-01  0.000E+00
    79 -2.721E+02 -1.060E-01  1.304E-01  1.323E-01  0.000E+00
    80 -2.641E+02 -6.208E-02  1.380E-01  1.392E-01  0.000E+00
    81 -2.561E+02 -2.363E-02  1.460E-01  1.465E-01  0.000E+00
    82 -2.481E+02 -5.936E-03  1.548E-01  1.550E-01  0.000E+00
    83 -2.401E+02 -5.262E-03  1.650E-01  1.652E-01  0.000E+00
    84 -2.321E+02 -3.017E-02  1.770E-01  1.780E-01  0.000E+00
    85 -2.241E+02 -8.919E-02  1.869E-01  1.902E-01  0.000E+00
    86 -2.001E+02 -2.744E-01  2.483E-01  2.697E-01  0.000E+00
    87 -1.797E+02 -2.257E-01  3.069E-01  3.340E-01  0.000E+00
    88 -1.681E+02  8.749E-03  3.207E-01  3.198E-01  0.000E+00
    89 -1.601E+02  8.653E-03  2.526E-01  2.520E-01  0.000E+00
    90 -1.521E+02  3.192E-02  2.204E-01  2.188E-01  0.000E+00
    91 -1.441E+02  7.438E-02  1.939E-01  1.910E-01  0.000E+00
    92 -1.361E+02  1.064E-01  1.746E-01  1.713E-01  0.000E+00
    93 -1.281E+02  2.056E-01  1.566E-01  1.513E-01  0.000E+00
    94 -1.201E+02  2.658E-01  1.435E-01  1.377E-01  0.000E+00
    95 -1.121E+02  3.361E-01  1.288E-01  1.227E-01  0.000E+00
    96 -1.041E+02  4.030E-01  1.153E-01  1.091E-01  0.000E+00
    97 -9.605E+01  4.312E-01  1.065E-01  1.007E-01  0.000E+00
    98 -8.804E+01  4.368E-01  1.017E-01  9.635E-02  0.000E+00
    99 -8.004E+01  4.697E-01  9.390E-02  8.882E-02  0.000E+00
   100 -7.204E+01  5.203E-01  8.458E-02  7.972E-02  0.000E+00
   101 -6.403E+01  5.494E-01  7.809E-02  7.353E-02  0.000E+00
   102 -5.603E+01  5.607E-01  7.408E-02  6.981E-02  0.000E+00
   103 -4.802E+01  5.904E-01  6.856E-02  6.452E-02  0.000E+00
   104 -4.002E+01  6.104E-01  6.406E-02  6.028E-02  0.000E+00
   105 -3.202E+01  6.091E-01  6.236E-02  5.879E-02  0.000E+00
   106 -2.401E+01  5.976E-01  6.195E-02  5.856E-02  0.000E+00
   107 -1.601E+01  5.897E-01  6.200E-02  5.869E-02  0.000E+00
   108 -8.193E+00  5.844E-01  6.049E-02  5.739E-02  0.000E+00
   109  8.004E+00  5.947E-01  5.915E-02  5.608E-02  0.000E+00
   110  1.601E+01  6.286E-01  5.685E-02  5.366E-02  0.000E+00
   111  2.401E+01  6.518E-01  5.555E-02  5.224E-02  0.000E+00
   112  3.202E+01  6.484E-01  5.729E-02  5.382E-02  0.000E+00
   113  4.002E+01  6.534E-01  5.833E-02  5.467E-02  0.000E+00
   114  4.802E+01  6.513E-01  6.045E-02  5.655E-02  0.000E+00
   115  5.603E+01  6.391E-01  6.415E-02  5.997E-02  0.000E+00
   116  6.403E+01  6.482E-01  6.477E-02  6.037E-02  0.000E+00
   117  7.204E+01  6.561E-01  6.608E-02  6.137E-02  0.000E+00
   118  8.004E+01  6.701E-01  6.661E-02  6.158E-02  0.000E+00
   119  8.804E+01  6.729E-01  6.914E-02  6.367E-02  0.000E+00
   120  9.605E+01  6.985E-01  6.744E-02  6.171E-02  0.000E+00
   121  1.041E+02  6.992E-01  7.092E-02  6.459E-02  0.000E+00
   122  1.121E+02  6.814E-01  7.871E-02  7.146E-02  0.000E+00
   123  1.201E+02  6.615E-01  8.814E-02  7.975E-02  0.000E+00
   124  1.281E+02  6.788E-01  9.122E-02  8.169E-02  0.000E+00
   125  1.361E+02  6.722E-01  9.968E-02  8.864E-02  0.000E+00
   126  1.441E+02  6.674E-01  1.118E-01  9.825E-02  0.000E+00
   127  1.521E+02  6.412E-01  1.348E-01  1.170E-01  0.000E+00
   128  1.601E+02  6.004E-01  1.732E-01  1.481E-01  2.746E-11
   129  1.681E+02  5.702E-01  2.359E-01  1.942E-01  6.585E-09
   130  1.797E+02  5.374E-01  2.625E-01  2.159E-01  1.120E-08
   131  2.001E+02  7.479E-01  1.355E-01  1.093E-01  6.029E-08
   132  2.241E+02  7.929E-01  7.699E-02  6.596E-02  2.249E-10
   133  2.321E+02  8.559E-01  5.083E-02  4.365E-02  5.678E-09
   134  2.401E+02  9.307E-01  2.400E-02  2.055E-02  1.030E-05
   135  2.481E+02  9.867E-01  4.443E-03  3.811E-03  1.054E-01
   136  2.561E+02  9.643E-01  1.107E-02  9.602E-03  1.126E-03
   137  2.641E+02  9.222E-01  2.227E-02  1.957E-02  6.020E-07
   138  2.721E+02  8.618E-01  3.671E-02  3.267E-02  5.805E-11
   139  2.801E+02  8.131E-01  4.605E-02  4.144E-02  0.000E+00
   140  2.881E+02  7.873E-01  4.949E-02  4.486E-02  0.000E+00
   141  2.961E+02  7.846E-01  4.811E-02  4.378E-02  0.000E+00
   142  3.042E+02  7.470E-01  5.327E-02  4.884E-02  0.000E+00
   143  3.122E+02  7.168E-01  5.696E-02  5.251E-02  0.000E+00
   144  3.202E+02  6.786E-01  6.110E-02  5.671E-02  0.000E+00
   145  3.282E+02  6.516E-01  6.316E-02  5.892E-02  0.000E+00
   146  3.362E+02  6.133E-01  6.645E-02  6.234E-02  0.000E+00
   147  3.442E+02  5.865E-01  6.795E-02  6.403E-02  0.000E+00
   148  3.522E+02  5.463E-01  7.071E-02  6.699E-02  0.000E+00
   149  3.602E+02  4.969E-01  7.393E-02  7.047E-02  0.000E+00
   150  3.682E+02  4.672E-01  7.851E-02  7.497E-02  0.000E+00
   151  3.762E+02  4.422E-01  8.276E-02  7.913E-02  0.000E+00
   152  3.842E+02  4.270E-01  8.633E-02  8.257E-02  0.000E+00
   153  3.922E+02  3.751E-01  9.252E-02  8.889E-02  0.000E+00
   154  4.002E+02  3.593E-01  9.648E-02  9.275E-02  0.000E+00
   155  4.082E+02  3.424E-01  1.008E-01  9.695E-02  0.000E+00
   156  4.162E+02  3.229E-01  1.056E-01  1.017E-01  0.000E+00
   157  4.242E+02  2.250E-01  1.144E-01  1.114E-01  0.000E+00
   158  4.322E+02  1.961E-01  1.201E-01  1.172E-01  0.000E+00
   159  4.402E+02  1.541E-01  1.266E-01  1.241E-01  0.000E+00
   160  4.482E+02  1.512E-01  1.323E-01  1.296E-01  0.000E+00
   161  4.562E+02  4.976E-02  1.393E-01  1.383E-01  0.000E+00
   162  4.642E+02  4.775E-02  1.466E-01  1.455E-01  0.000E+00
   163  4.722E+02  5.873E-02  1.551E-01  1.536E-01  0.000E+00
   164  4.802E+02  6.975E-02  1.653E-01  1.633E-01  0.000E+00
   165  4.882E+02  5.448E-02  1.780E-01  1.762E-01  0.000E+00
   166  4.962E+02  2.719E-02  1.904E-01  1.894E-01  0.000E+00
   167  5.043E+02  7.954E-03  2.101E-01  2.097E-01  0.000E+00
   168  5.123E+02 -8.820E-03  2.374E-01  2.379E-01  0.000E+00
   169  5.203E+02 -4.692E-02  2.777E-01  2.817E-01  0.000E+00
   170  5.328E+02 -9.398E-02  2.850E-01  2.937E-01  0.000E+00
   171  5.603E+02  1.112E-01  3.225E-01  3.101E-01  0.000E+00
   172  5.843E+02  3.254E-02  2.204E-01  2.187E-01  0.000E+00
   173  5.923E+02 -9.548E-02  1.974E-01  2.014E-01  0.000E+00
   174  6.003E+02 -1.733E-01  1.811E-01  1.874E-01  0.000E+00
   175  6.083E+02 -1.432E-01  1.717E-01  1.763E-01  0.000E+00
   176  6.163E+02 -1.244E-01  1.630E-01  1.666E-01  0.000E+00
   177  6.243E+02 -8.047E-02  1.567E-01  1.588E-01  0.000E+00
   178  6.323E+02 -7.962E-02  1.511E-01  1.530E-01  0.000E+00
   179  6.403E+02 -9.859E-02  1.439E-01  1.460E-01  0.000E+00
   180  6.483E+02 -1.214E-01  1.372E-01  1.396E-01  0.000E+00
   181  6.563E+02 -1.189E-01  1.322E-01  1.344E-01  0.000E+00
   182  6.643E+02 -1.516E-01  1.263E-01  1.288E-01  0.000E+00
   183  6.723E+02 -2.000E-01  1.197E-01  1.228E-01  0.000E+00
   184  6.803E+02 -2.265E-01  1.145E-01  1.178E-01  0.000E+00
   185  6.883E+02 -2.074E-01  1.124E-01  1.152E-01  0.000E+00
   186  6.963E+02 -1.704E-01  1.112E-01  1.135E-01  0.000E+00
   187  7.044E+02 -1.455E-01  1.094E-01  1.113E-01  0.000E+00
   188  7.124E+02 -1.289E-01  1.074E-01  1.089E-01  0.000E+00
   189  7.204E+02 -7.718E-02  1.063E-01  1.072E-01  0.000E+00
   190  7.284E+02 -7.697E-02  1.089E-01  1.098E-01  0.000E+00
   191  7.364E+02 -8.948E-02  1.113E-01  1.124E-01  0.000E+00
   192  7.444E+02 -1.042E-01  1.138E-01  1.152E-01  0.000E+00
   193  7.524E+02 -7.123E-02  1.170E-01  1.180E-01  0.000E+00
   194  7.604E+02 -4.778E-02  1.209E-01  1.216E-01  0.000E+00
   195  7.684E+02 -5.763E-03  1.253E-01  1.254E-01  0.000E+00
   196  7.764E+02  4.799E-02  1.296E-01  1.287E-01  0.000E+00
   197  7.844E+02  1.116E-01  1.322E-01  1.302E-01  0.000E+00
   198  7.924E+02  1.202E-01  1.369E-01  1.346E-01  0.000E+00
   199  8.004E+02  1.230E-01  1.424E-01  1.399E-01  0.000E+00
   200  8.084E+02  1.228E-01  1.487E-01  1.460E-01  0.000E+00
   201  8.164E+02  1.594E-01  1.529E-01  1.490E-01  0.000E+00
   202  8.244E+02  1.805E-01  1.599E-01  1.552E-01  0.000E+00
   203  8.324E+02  2.284E-01  1.666E-01  1.600E-01  0.000E+00
   204  8.404E+02  2.825E-01  1.733E-01  1.643E-01  0.000E+00
   205  8.484E+02  3.318E-01  1.814E-01  1.695E-01  0.000E+00
   206  8.564E+02  4.109E-01  1.863E-01  1.700E-01  0.000E+00
   207  8.644E+02  4.845E-01  1.923E-01  1.705E-01  0.000E+00
   208  8.724E+02  5.128E-01  2.127E-01  1.839E-01  0.000E+00
   209  8.804E+02  5.882E-01  2.291E-01  1.875E-01  0.000E+00
   210  8.928E+02  4.728E-01  2.841E-01  2.388E-01  0.000E+00
   211  9.263E+02 -4.485E-01  2.469E-01  2.912E-01  0.000E+00
   212  9.605E+02 -3.777E-01  1.843E-01  2.015E-01  0.000E+00
   213  9.685E+02 -4.428E-01  1.604E-01  1.766E-01  0.000E+00
   214  9.765E+02 -5.571E-01  1.281E-01  1.434E-01  0.000E+00
   215  9.845E+02 -5.607E-01  1.209E-01  1.345E-01  0.000E+00
   216  9.925E+02 -4.905E-01  1.307E-01  1.431E-01  0.000E+00
#
# ML Peak at t_lag =  +2.481E+02, Likelihood at peak =  +1.054E-01
# 1 sigma ML t_lag interval =  +2.481E+02  +3.582E+00  -3.494E+00
#                           = ( +2.446E+02 ,  +2.517E+02)
