# PLIKE V4.0 ZDCF peak likelihood analysis
# for file /home/stone28/projects/petl_mock/test_repo/tot_output2/H-beta/pyzdcf/H-beta_zdcf.dcf
#
# num      lag         r         -dr        +dr    likelihood 
# ---- ---------- ---------- ---------- ---------- ---------- 
     1 -9.925E+02 -6.156E-01  1.010E-01  1.125E-01  0.000E+00
     2 -9.845E+02 -6.055E-01  1.077E-01  1.204E-01  0.000E+00
     3 -9.765E+02 -5.875E-01  1.171E-01  1.312E-01  0.000E+00
     4 -9.685E+02 -5.478E-01  1.325E-01  1.484E-01  0.000E+00
     5 -9.605E+02 -4.968E-01  1.524E-01  1.702E-01  0.000E+00
     6 -9.285E+02 -3.561E-01  2.619E-01  2.965E-01  0.000E+00
     7 -8.928E+02 -6.269E-01  1.809E-01  2.265E-01  0.000E+00
     8 -8.804E+02 -9.643E-01  1.869E-02  2.530E-02  0.000E+00
     9 -8.724E+02 -9.345E-01  2.953E-02  3.791E-02  0.000E+00
    10 -8.644E+02 -9.164E-01  3.357E-02  4.170E-02  0.000E+00
    11 -8.564E+02 -8.738E-01  4.565E-02  5.508E-02  0.000E+00
    12 -8.484E+02 -8.623E-01  4.597E-02  5.451E-02  0.000E+00
    13 -8.404E+02 -8.317E-01  5.198E-02  6.059E-02  0.000E+00
    14 -8.324E+02 -7.989E-01  5.777E-02  6.635E-02  0.000E+00
    15 -8.244E+02 -7.761E-01  6.043E-02  6.863E-02  0.000E+00
    16 -8.164E+02 -7.817E-01  5.638E-02  6.368E-02  0.000E+00
    17 -8.084E+02 -7.831E-01  5.373E-02  6.037E-02  0.000E+00
    18 -8.004E+02 -7.768E-01  5.300E-02  5.920E-02  0.000E+00
    19 -7.924E+02 -7.507E-01  5.636E-02  6.248E-02  0.000E+00
    20 -7.844E+02 -7.165E-01  6.091E-02  6.697E-02  0.000E+00
    21 -7.764E+02 -7.002E-01  6.188E-02  6.769E-02  0.000E+00
    22 -7.684E+02 -6.796E-01  6.349E-02  6.909E-02  0.000E+00
    23 -7.604E+02 -6.475E-01  6.677E-02  7.219E-02  0.000E+00
    24 -7.524E+02 -6.174E-01  6.940E-02  7.462E-02  0.000E+00
    25 -7.444E+02 -5.726E-01  7.369E-02  7.868E-02  0.000E+00
    26 -7.364E+02 -5.346E-01  7.661E-02  8.132E-02  0.000E+00
    27 -7.284E+02 -4.905E-01  7.981E-02  8.419E-02  0.000E+00
    28 -7.204E+02 -4.429E-01  8.284E-02  8.685E-02  0.000E+00
    29 -7.124E+02 -3.912E-01  8.951E-02  9.342E-02  0.000E+00
    30 -7.044E+02 -3.436E-01  9.568E-02  9.943E-02  0.000E+00
    31 -6.963E+02 -3.064E-01  1.010E-01  1.046E-01  0.000E+00
    32 -6.883E+02 -2.684E-01  1.064E-01  1.098E-01  0.000E+00
    33 -6.803E+02 -2.626E-01  1.097E-01  1.133E-01  0.000E+00
    34 -6.723E+02 -2.547E-01  1.135E-01  1.172E-01  0.000E+00
    35 -6.643E+02 -2.714E-01  1.158E-01  1.200E-01  0.000E+00
    36 -6.563E+02 -2.915E-01  1.181E-01  1.228E-01  0.000E+00
    37 -6.483E+02 -2.893E-01  1.225E-01  1.275E-01  0.000E+00
    38 -6.403E+02 -3.027E-01  1.260E-01  1.316E-01  0.000E+00
    39 -6.323E+02 -3.073E-01  1.308E-01  1.370E-01  0.000E+00
    40 -6.243E+02 -2.808E-01  1.395E-01  1.458E-01  0.000E+00
    41 -6.163E+02 -2.539E-01  1.491E-01  1.556E-01  0.000E+00
    42 -6.083E+02 -2.683E-01  1.560E-01  1.636E-01  0.000E+00
    43 -6.003E+02 -3.122E-01  1.606E-01  1.704E-01  0.000E+00
    44 -5.923E+02 -3.230E-01  1.707E-01  1.824E-01  0.000E+00
    45 -5.843E+02 -3.774E-01  1.761E-01  1.916E-01  0.000E+00
    46 -5.603E+02 -3.558E-01  2.619E-01  2.966E-01  0.000E+00
    47 -5.328E+02 -6.451E-01  1.528E-01  1.860E-01  0.000E+00
    48 -5.203E+02 -8.238E-01  7.870E-02  9.942E-02  0.000E+00
    49 -5.123E+02 -7.753E-01  8.535E-02  1.029E-01  0.000E+00
    50 -5.043E+02 -7.220E-01  9.229E-02  1.077E-01  0.000E+00
    51 -4.962E+02 -6.680E-01  9.810E-02  1.116E-01  0.000E+00
    52 -4.882E+02 -5.919E-01  1.074E-01  1.193E-01  0.000E+00
    53 -4.802E+02 -5.395E-01  1.101E-01  1.204E-01  0.000E+00
    54 -4.722E+02 -4.771E-01  1.137E-01  1.225E-01  0.000E+00
    55 -4.642E+02 -4.262E-01  1.147E-01  1.221E-01  0.000E+00
    56 -4.562E+02 -3.986E-01  1.126E-01  1.190E-01  0.000E+00
    57 -4.482E+02 -3.850E-01  1.092E-01  1.150E-01  0.000E+00
    58 -4.402E+02 -3.782E-01  1.056E-01  1.108E-01  0.000E+00
    59 -4.322E+02 -3.415E-01  1.051E-01  1.096E-01  0.000E+00
    60 -4.242E+02 -2.969E-01  1.050E-01  1.088E-01  0.000E+00
    61 -4.162E+02 -2.684E-01  1.036E-01  1.069E-01  0.000E+00
    62 -4.082E+02 -2.398E-01  1.023E-01  1.050E-01  0.000E+00
    63 -4.002E+02 -1.920E-01  1.018E-01  1.039E-01  0.000E+00
    64 -3.922E+02 -1.674E-01  1.001E-01  1.018E-01  0.000E+00
    65 -3.842E+02 -1.534E-01  9.802E-02  9.957E-02  0.000E+00
    66 -3.762E+02 -1.353E-01  9.623E-02  9.753E-02  0.000E+00
    67 -3.682E+02 -1.376E-01  9.391E-02  9.518E-02  0.000E+00
    68 -3.602E+02 -1.539E-01  9.130E-02  9.265E-02  0.000E+00
    69 -3.522E+02 -1.223E-01  9.436E-02  9.549E-02  0.000E+00
    70 -3.442E+02 -7.360E-02  9.779E-02  9.851E-02  0.000E+00
    71 -3.362E+02 -3.538E-02  1.009E-01  1.012E-01  0.000E+00
    72 -3.282E+02 -2.716E-02  1.037E-01  1.040E-01  0.000E+00
    73 -3.202E+02  1.088E-02  1.068E-01  1.067E-01  0.000E+00
    74 -3.122E+02  5.323E-02  1.100E-01  1.093E-01  0.000E+00
    75 -3.042E+02  6.958E-02  1.134E-01  1.125E-01  0.000E+00
    76 -2.961E+02  7.182E-02  1.172E-01  1.162E-01  0.000E+00
    77 -2.881E+02  6.016E-02  1.216E-01  1.207E-01  0.000E+00
    78 -2.801E+02  6.088E-02  1.263E-01  1.254E-01  0.000E+00
    79 -2.721E+02  9.393E-02  1.313E-01  1.297E-01  0.000E+00
    80 -2.641E+02  1.225E-01  1.369E-01  1.345E-01  0.000E+00
    81 -2.561E+02  1.508E-01  1.431E-01  1.399E-01  0.000E+00
    82 -2.481E+02  1.648E-01  1.508E-01  1.470E-01  0.000E+00
    83 -2.401E+02  1.470E-01  1.613E-01  1.574E-01  0.000E+00
    84 -2.321E+02  1.162E-01  1.744E-01  1.707E-01  0.000E+00
    85 -2.241E+02  6.568E-02  1.904E-01  1.880E-01  0.000E+00
    86 -2.001E+02 -1.250E-01  2.707E-01  2.811E-01  0.000E+00
    87 -1.797E+02 -6.386E-02  3.324E-01  3.405E-01  0.000E+00
    88 -1.681E+02  1.607E-01  3.207E-01  3.031E-01  0.000E+00
    89 -1.601E+02  1.624E-01  2.509E-01  2.402E-01  0.000E+00
    90 -1.521E+02  2.550E-01  2.064E-01  1.949E-01  0.000E+00
    91 -1.441E+02  2.587E-01  1.817E-01  1.727E-01  0.000E+00
    92 -1.361E+02  2.738E-01  1.632E-01  1.554E-01  0.000E+00
    93 -1.281E+02  3.644E-01  1.416E-01  1.335E-01  0.000E+00
    94 -1.201E+02  4.506E-01  1.218E-01  1.138E-01  0.000E+00
    95 -1.121E+02  5.110E-01  1.064E-01  9.896E-02  0.000E+00
    96 -1.041E+02  5.561E-01  9.420E-02  8.748E-02  0.000E+00
    97 -9.605E+01  5.819E-01  8.583E-02  7.974E-02  0.000E+00
    98 -8.804E+01  6.064E-01  7.842E-02  7.288E-02  0.000E+00
    99 -8.004E+01  6.295E-01  7.184E-02  6.679E-02  0.000E+00
   100 -7.204E+01  6.555E-01  6.533E-02  6.073E-02  0.000E+00
   101 -6.403E+01  6.699E-01  6.092E-02  5.669E-02  0.000E+00
   102 -5.603E+01  6.775E-01  5.780E-02  5.387E-02  0.000E+00
   103 -4.802E+01  6.764E-01  5.612E-02  5.243E-02  0.000E+00
   104 -4.002E+01  6.792E-01  5.408E-02  5.061E-02  0.000E+00
   105 -3.202E+01  6.707E-01  5.367E-02  5.035E-02  0.000E+00
   106 -2.401E+01  6.551E-01  5.417E-02  5.099E-02  0.000E+00
   107 -1.601E+01  6.481E-01  5.363E-02  5.058E-02  0.000E+00
   108 -8.004E+00  6.334E-01  5.402E-02  5.108E-02  0.000E+00
   109  8.004E+00  6.317E-01  5.420E-02  5.126E-02  0.000E+00
   110  1.601E+01  6.590E-01  5.234E-02  4.932E-02  0.000E+00
   111  2.401E+01  6.755E-01  5.164E-02  4.851E-02  0.000E+00
   112  3.202E+01  6.687E-01  5.392E-02  5.060E-02  0.000E+00
   113  4.002E+01  6.594E-01  5.670E-02  5.316E-02  0.000E+00
   114  4.802E+01  6.464E-01  6.015E-02  5.636E-02  0.000E+00
   115  5.603E+01  6.308E-01  6.418E-02  6.011E-02  0.000E+00
   116  6.403E+01  6.242E-01  6.730E-02  6.294E-02  0.000E+00
   117  7.204E+01  6.229E-01  6.999E-02  6.530E-02  0.000E+00
   118  8.004E+01  6.346E-01  7.108E-02  6.605E-02  0.000E+00
   119  8.804E+01  6.258E-01  7.553E-02  7.003E-02  0.000E+00
   120  9.605E+01  6.266E-01  7.901E-02  7.299E-02  4.814E-11
   121  1.041E+02  6.241E-01  8.359E-02  7.694E-02  1.364E-10
   122  1.121E+02  6.103E-01  9.089E-02  8.342E-02  2.227E-10
   123  1.201E+02  5.945E-01  9.974E-02  9.124E-02  4.090E-10
   124  1.281E+02  5.982E-01  1.066E-01  9.683E-02  2.441E-09
   125  1.361E+02  6.302E-01  1.093E-01  9.790E-02  5.154E-08
   126  1.441E+02  6.471E-01  1.170E-01  1.032E-01  5.060E-07
   127  1.521E+02  6.364E-01  1.361E-01  1.183E-01  2.054E-06
   128  1.601E+02  6.143E-01  1.689E-01  1.438E-01  9.034E-06
   129  1.681E+02  6.105E-01  2.203E-01  1.791E-01  9.718E-05
   130  1.797E+02  6.034E-01  2.366E-01  1.904E-01  1.376E-04
   131  2.001E+02  8.201E-01  1.013E-01  8.027E-02  2.325E-03
   132  2.241E+02  8.356E-01  6.154E-02  5.247E-02  7.657E-04
   133  2.321E+02  8.636E-01  4.756E-02  4.088E-02  1.916E-03
   134  2.401E+02  9.113E-01  2.949E-02  2.543E-02  1.781E-02
   135  2.481E+02  9.381E-01  1.957E-02  1.697E-02  7.459E-02
   136  2.561E+02  8.869E-01  3.276E-02  2.881E-02  3.912E-03
   137  2.641E+02  8.176E-01  4.811E-02  4.297E-02  4.663E-05
   138  2.721E+02  7.586E-01  5.857E-02  5.297E-02  7.006E-07
   139  2.801E+02  7.013E-01  6.693E-02  6.122E-02  8.474E-09
   140  2.881E+02  6.489E-01  7.306E-02  6.748E-02  1.063E-10
   141  2.961E+02  6.127E-01  7.583E-02  7.053E-02  3.273E-12
   142  3.042E+02  5.594E-01  8.038E-02  7.539E-02  0.000E+00
   143  3.122E+02  5.157E-01  8.297E-02  7.836E-02  0.000E+00
   144  3.202E+02  4.649E-01  8.576E-02  8.157E-02  0.000E+00
   145  3.282E+02  4.210E-01  8.731E-02  8.354E-02  0.000E+00
   146  3.362E+02  3.707E-01  8.890E-02  8.560E-02  0.000E+00
   147  3.442E+02  3.382E-01  8.885E-02  8.591E-02  0.000E+00
   148  3.522E+02  3.094E-01  8.844E-02  8.582E-02  0.000E+00
   149  3.602E+02  2.726E-01  8.832E-02  8.606E-02  0.000E+00
   150  3.682E+02  2.167E-01  9.281E-02  9.087E-02  0.000E+00
   151  3.762E+02  1.570E-01  9.700E-02  9.550E-02  0.000E+00
   152  3.842E+02  1.195E-01  1.003E-01  9.913E-02  0.000E+00
   153  3.922E+02  9.260E-02  1.035E-01  1.025E-01  0.000E+00
   154  4.002E+02  5.918E-02  1.068E-01  1.061E-01  0.000E+00
   155  4.082E+02  1.834E-02  1.101E-01  1.098E-01  0.000E+00
   156  4.162E+02 -1.702E-02  1.133E-01  1.135E-01  0.000E+00
   157  4.242E+02 -4.357E-02  1.168E-01  1.174E-01  0.000E+00
   158  4.322E+02 -7.302E-02  1.204E-01  1.215E-01  0.000E+00
   159  4.402E+02 -1.112E-01  1.239E-01  1.256E-01  0.000E+00
   160  4.482E+02 -1.375E-01  1.280E-01  1.304E-01  0.000E+00
   161  4.562E+02 -1.610E-01  1.327E-01  1.357E-01  0.000E+00
   162  4.642E+02 -1.660E-01  1.391E-01  1.425E-01  0.000E+00
   163  4.722E+02 -1.554E-01  1.475E-01  1.512E-01  0.000E+00
   164  4.802E+02 -1.435E-01  1.576E-01  1.614E-01  0.000E+00
   165  4.882E+02 -1.462E-01  1.689E-01  1.734E-01  0.000E+00
   166  4.962E+02 -1.773E-01  1.808E-01  1.872E-01  0.000E+00
   167  5.043E+02 -1.770E-01  1.993E-01  2.072E-01  0.000E+00
   168  5.123E+02 -1.777E-01  2.249E-01  2.352E-01  0.000E+00
   169  5.203E+02 -1.998E-01  2.609E-01  2.771E-01  0.000E+00
   170  5.328E+02 -1.943E-01  2.722E-01  2.894E-01  0.000E+00
   171  5.603E+02  3.689E-03  3.205E-01  3.201E-01  0.000E+00
   172  5.843E+02 -1.062E-01  2.097E-01  2.148E-01  0.000E+00
   173  5.923E+02 -2.637E-01  1.785E-01  1.884E-01  0.000E+00
   174  6.003E+02 -3.193E-01  1.597E-01  1.697E-01  0.000E+00
   175  6.083E+02 -3.092E-01  1.515E-01  1.600E-01  0.000E+00
   176  6.163E+02 -3.195E-01  1.423E-01  1.501E-01  0.000E+00
   177  6.243E+02 -3.102E-01  1.365E-01  1.434E-01  0.000E+00
   178  6.323E+02 -3.042E-01  1.311E-01  1.373E-01  0.000E+00
   179  6.403E+02 -3.042E-01  1.259E-01  1.315E-01  0.000E+00
   180  6.483E+02 -3.285E-01  1.189E-01  1.245E-01  0.000E+00
   181  6.563E+02 -3.473E-01  1.130E-01  1.184E-01  0.000E+00
   182  6.643E+02 -3.897E-01  1.052E-01  1.107E-01  0.000E+00
   183  6.723E+02 -4.270E-01  9.815E-02  1.035E-01  0.000E+00
   184  6.803E+02 -4.386E-01  9.413E-02  9.927E-02  0.000E+00
   185  6.883E+02 -4.271E-01  9.280E-02  9.759E-02  0.000E+00
   186  6.963E+02 -4.068E-01  9.244E-02  9.685E-02  0.000E+00
   187  7.044E+02 -3.879E-01  9.192E-02  9.600E-02  0.000E+00
   188  7.124E+02 -3.665E-01  9.162E-02  9.536E-02  0.000E+00
   189  7.204E+02 -3.252E-01  9.277E-02  9.605E-02  0.000E+00
   190  7.284E+02 -3.440E-01  9.343E-02  9.701E-02  0.000E+00
   191  7.364E+02 -3.665E-01  9.379E-02  9.771E-02  0.000E+00
   192  7.444E+02 -3.709E-01  9.574E-02  9.990E-02  0.000E+00
   193  7.524E+02 -3.657E-01  9.871E-02  1.031E-01  0.000E+00
   194  7.604E+02 -3.410E-01  1.036E-01  1.080E-01  0.000E+00
   195  7.684E+02 -3.063E-01  1.096E-01  1.139E-01  0.000E+00
   196  7.764E+02 -2.432E-01  1.179E-01  1.217E-01  0.000E+00
   197  7.844E+02 -2.141E-01  1.238E-01  1.274E-01  0.000E+00
   198  7.924E+02 -1.852E-01  1.301E-01  1.335E-01  0.000E+00
   199  8.004E+02 -1.702E-01  1.361E-01  1.394E-01  0.000E+00
   200  8.084E+02 -1.578E-01  1.425E-01  1.460E-01  0.000E+00
   201  8.164E+02 -1.687E-01  1.484E-01  1.525E-01  0.000E+00
   202  8.244E+02 -1.543E-01  1.570E-01  1.611E-01  0.000E+00
   203  8.324E+02 -1.074E-01  1.687E-01  1.719E-01  0.000E+00
   204  8.404E+02 -5.132E-02  1.822E-01  1.839E-01  0.000E+00
   205  8.484E+02  1.261E-02  1.975E-01  1.970E-01  0.000E+00
   206  8.564E+02  9.960E-02  2.149E-01  2.102E-01  0.000E+00
   207  8.644E+02  1.855E-01  2.347E-01  2.241E-01  0.000E+00
   208  8.724E+02  2.266E-01  2.644E-01  2.476E-01  0.000E+00
   209  8.804E+02  3.148E-01  3.040E-01  2.723E-01  0.000E+00
   210  8.928E+02  2.801E-01  3.273E-01  2.948E-01  0.000E+00
   211  9.285E+02 -2.998E-01  2.759E-01  3.064E-01  0.000E+00
   212  9.605E+02 -5.341E-01  1.440E-01  1.621E-01  0.000E+00
   213  9.685E+02 -5.755E-01  1.262E-01  1.422E-01  0.000E+00
   214  9.765E+02 -6.041E-01  1.133E-01  1.274E-01  0.000E+00
   215  9.845E+02 -6.050E-01  1.078E-01  1.205E-01  0.000E+00
   216  9.925E+02 -6.162E-01  1.009E-01  1.124E-01  0.000E+00
#
# ML Peak at t_lag =  +2.481E+02, Likelihood at peak =  +7.459E-02
# 1 sigma ML t_lag interval =  +2.481E+02  +3.939E+00  -7.380E+00
#                           = ( +2.407E+02 ,  +2.520E+02)
