# PLIKE V4.0 ZDCF peak likelihood analysis
# for file /home/stone28/pypetal/toml_output/yelm/pyzdcf/yelm_zdcf.dcf
#
# num      lag         r         -dr        +dr    likelihood
# ---- ---------- ---------- ---------- ---------- ----------
     1 -9.925E+02 -9.189E-01  2.488E-02  2.920E-02  0.000E+00
     2 -9.845E+02 -9.398E-01  1.946E-02  2.310E-02  0.000E+00
     3 -9.765E+02 -9.357E-01  2.174E-02  2.604E-02  0.000E+00
     4 -9.685E+02 -9.264E-01  2.616E-02  3.161E-02  0.000E+00
     5 -9.605E+02 -9.305E-01  2.624E-02  3.215E-02  0.000E+00
     6 -9.285E+02 -9.308E-01  3.580E-02  4.808E-02  0.000E+00
     7 -8.928E+02 -6.650E-01  1.649E-01  2.090E-01  0.000E+00
     8 -8.804E+02 -4.419E-01  2.374E-01  2.766E-01  0.000E+00
     9 -8.724E+02 -4.126E-01  2.104E-01  2.367E-01  0.000E+00
    10 -8.644E+02 -3.054E-01  2.071E-01  2.235E-01  0.000E+00
    11 -8.564E+02 -2.441E-01  1.963E-01  2.073E-01  0.000E+00
    12 -8.484E+02 -1.972E-01  1.857E-01  1.934E-01  0.000E+00
    13 -8.404E+02 -1.907E-01  1.736E-01  1.800E-01  0.000E+00
    14 -8.324E+02 -2.055E-01  1.620E-01  1.680E-01  0.000E+00
    15 -8.244E+02 -2.376E-01  1.506E-01  1.567E-01  0.000E+00
    16 -8.164E+02 -2.712E-01  1.404E-01  1.465E-01  0.000E+00
    17 -8.084E+02 -2.936E-01  1.322E-01  1.381E-01  0.000E+00
    18 -8.004E+02 -3.305E-01  1.233E-01  1.293E-01  0.000E+00
    19 -7.924E+02 -3.545E-01  1.163E-01  1.222E-01  0.000E+00
    20 -7.844E+02 -3.818E-01  1.096E-01  1.153E-01  0.000E+00
    21 -7.764E+02 -4.065E-01  1.034E-01  1.090E-01  0.000E+00
    22 -7.684E+02 -4.166E-01  1.000E-01  1.054E-01  0.000E+00
    23 -7.604E+02 -4.310E-01  9.561E-02  1.008E-01  0.000E+00
    24 -7.524E+02 -4.489E-01  9.112E-02  9.610E-02  0.000E+00
    25 -7.444E+02 -4.613E-01  8.745E-02  9.223E-02  0.000E+00
    26 -7.364E+02 -4.828E-01  8.302E-02  8.764E-02  0.000E+00
    27 -7.284E+02 -5.100E-01  7.811E-02  8.260E-02  0.000E+00
    28 -7.204E+02 -5.405E-01  7.294E-02  7.729E-02  0.000E+00
    29 -7.124E+02 -5.588E-01  7.239E-02  7.696E-02  0.000E+00
    30 -7.044E+02 -5.822E-01  7.113E-02  7.593E-02  0.000E+00
    31 -6.963E+02 -6.123E-01  6.879E-02  7.381E-02  0.000E+00
    32 -6.883E+02 -6.302E-01  6.799E-02  7.325E-02  0.000E+00
    33 -6.803E+02 -6.761E-01  6.272E-02  6.808E-02  0.000E+00
    34 -6.723E+02 -7.033E-01  5.997E-02  6.549E-02  0.000E+00
    35 -6.643E+02 -7.377E-01  5.562E-02  6.117E-02  0.000E+00
    36 -6.563E+02 -7.381E-01  5.736E-02  6.331E-02  0.000E+00
    37 -6.483E+02 -7.473E-01  5.754E-02  6.382E-02  0.000E+00
    38 -6.403E+02 -7.636E-01  5.631E-02  6.286E-02  0.000E+00
    39 -6.323E+02 -7.649E-01  5.834E-02  6.545E-02  0.000E+00
    40 -6.243E+02 -7.716E-01  5.939E-02  6.707E-02  0.000E+00
    41 -6.163E+02 -7.464E-01  6.835E-02  7.740E-02  0.000E+00
    42 -6.083E+02 -7.614E-01  6.830E-02  7.811E-02  0.000E+00
    43 -6.003E+02 -7.792E-01  6.764E-02  7.832E-02  0.000E+00
    44 -5.923E+02 -7.792E-01  7.240E-02  8.482E-02  0.000E+00
    45 -5.843E+02 -7.656E-01  8.097E-02  9.564E-02  0.000E+00
    46 -5.603E+02 -8.035E-01  9.740E-02  1.267E-01  0.000E+00
    47 -5.328E+02 -6.566E-01  1.485E-01  1.814E-01  0.000E+00
    48 -5.203E+02 -6.059E-01  1.609E-01  1.921E-01  0.000E+00
    49 -5.123E+02 -5.771E-01  1.467E-01  1.691E-01  0.000E+00
    50 -5.043E+02 -5.986E-01  1.256E-01  1.429E-01  0.000E+00
    51 -4.962E+02 -6.278E-01  1.078E-01  1.218E-01  0.000E+00
    52 -4.882E+02 -5.912E-01  1.075E-01  1.195E-01  0.000E+00
    53 -4.802E+02 -5.384E-01  1.103E-01  1.206E-01  0.000E+00
    54 -4.722E+02 -4.823E-01  1.129E-01  1.217E-01  0.000E+00
    55 -4.642E+02 -4.176E-01  1.158E-01  1.231E-01  0.000E+00
    56 -4.562E+02 -4.015E-01  1.122E-01  1.187E-01  0.000E+00
    57 -4.482E+02 -3.703E-01  1.107E-01  1.164E-01  0.000E+00
    58 -4.402E+02 -3.377E-01  1.094E-01  1.143E-01  0.000E+00
    59 -4.322E+02 -2.850E-01  1.097E-01  1.136E-01  0.000E+00
    60 -4.242E+02 -2.467E-01  1.085E-01  1.118E-01  0.000E+00
    61 -4.162E+02 -1.907E-01  1.081E-01  1.105E-01  0.000E+00
    62 -4.082E+02 -1.499E-01  1.073E-01  1.091E-01  0.000E+00
    63 -4.002E+02 -1.057E-01  1.056E-01  1.068E-01  0.000E+00
    64 -3.922E+02 -7.596E-02  1.034E-01  1.043E-01  0.000E+00
    65 -3.842E+02 -4.646E-02  1.012E-01  1.017E-01  0.000E+00
    66 -3.762E+02 -2.535E-02  9.898E-02  9.924E-02  0.000E+00
    67 -3.682E+02 -2.168E-02  9.667E-02  9.688E-02  0.000E+00
    68 -3.602E+02 -2.750E-02  9.443E-02  9.468E-02  0.000E+00
    69 -3.522E+02 -1.698E-02  9.671E-02  9.688E-02  0.000E+00
    70 -3.442E+02 -9.897E-03  9.912E-02  9.921E-02  0.000E+00
    71 -3.362E+02 -8.857E-03  1.017E-01  1.017E-01  0.000E+00
    72 -3.282E+02 -3.830E-03  1.044E-01  1.045E-01  0.000E+00
    73 -3.202E+02  2.088E-02  1.075E-01  1.072E-01  0.000E+00
    74 -3.122E+02  7.142E-02  1.105E-01  1.096E-01  0.000E+00
    75 -3.042E+02  1.003E-01  1.137E-01  1.124E-01  0.000E+00
    76 -2.961E+02  1.306E-01  1.170E-01  1.152E-01  0.000E+00
    77 -2.881E+02  1.602E-01  1.205E-01  1.181E-01  0.000E+00
    78 -2.801E+02  1.607E-01  1.253E-01  1.227E-01  0.000E+00
    79 -2.721E+02  1.938E-01  1.295E-01  1.261E-01  0.000E+00
    80 -2.641E+02  2.414E-01  1.332E-01  1.287E-01  0.000E+00
    81 -2.561E+02  2.656E-01  1.387E-01  1.333E-01  0.000E+00
    82 -2.481E+02  2.556E-01  1.477E-01  1.418E-01  0.000E+00
    83 -2.401E+02  2.860E-01  1.552E-01  1.479E-01  0.000E+00
    84 -2.321E+02  2.427E-01  1.708E-01  1.634E-01  0.000E+00
    85 -2.241E+02  1.596E-01  1.881E-01  1.823E-01  0.000E+00
    86 -2.001E+02  9.266E-02  2.818E-01  2.740E-01  0.000E+00
    87 -1.797E+02  5.135E-03  3.382E-01  3.375E-01  0.000E+00
    88 -1.681E+02  1.798E-01  3.196E-01  3.000E-01  0.000E+00
    89 -1.601E+02  2.456E-01  2.447E-01  2.291E-01  0.000E+00
    90 -1.521E+02  2.255E-01  2.140E-01  2.031E-01  0.000E+00
    91 -1.441E+02  2.897E-01  1.823E-01  1.721E-01  0.000E+00
    92 -1.361E+02  3.452E-01  1.587E-01  1.492E-01  0.000E+00
    93 -1.281E+02  3.984E-01  1.396E-01  1.307E-01  0.000E+00
    94 -1.201E+02  3.715E-01  1.341E-01  1.266E-01  0.000E+00
    95 -1.121E+02  3.816E-01  1.245E-01  1.178E-01  0.000E+00
    96 -1.041E+02  3.904E-01  1.165E-01  1.105E-01  0.000E+00
    97 -9.605E+01  4.068E-01  1.090E-01  1.034E-01  0.000E+00
    98 -8.804E+01  3.897E-01  1.063E-01  1.013E-01  0.000E+00
    99 -8.004E+01  4.173E-01  9.922E-02  9.443E-02  0.000E+00
   100 -7.204E+01  4.553E-01  9.163E-02  8.700E-02  0.000E+00
   101 -6.403E+01  4.941E-01  8.431E-02  7.987E-02  0.000E+00
   102 -5.603E+01  5.250E-01  7.813E-02  7.391E-02  0.000E+00
   103 -4.802E+01  5.495E-01  7.333E-02  6.930E-02  0.000E+00
   104 -4.002E+01  5.666E-01  6.919E-02  6.539E-02  0.000E+00
   105 -3.202E+01  5.847E-01  6.517E-02  6.158E-02  0.000E+00
   106 -2.401E+01  6.124E-01  6.027E-02  5.689E-02  0.000E+00
   107 -1.601E+01  6.344E-01  5.690E-02  5.364E-02  0.000E+00
   108 -8.193E+00  6.583E-01  5.221E-02  4.921E-02  0.000E+00
   109  8.004E+00  6.903E-01  4.810E-02  4.522E-02  0.000E+00
   110  1.601E+01  7.203E-01  4.539E-02  4.249E-02  0.000E+00
   111  2.401E+01  7.466E-01  4.292E-02  4.001E-02  0.000E+00
   112  3.202E+01  7.795E-01  3.899E-02  3.618E-02  0.000E+00
   113  4.002E+01  8.081E-01  3.555E-02  3.282E-02  0.000E+00
   114  4.802E+01  8.399E-01  3.118E-02  2.862E-02  0.000E+00
   115  5.603E+01  8.673E-01  2.715E-02  2.479E-02  0.000E+00
   116  6.403E+01  8.907E-01  2.335E-02  2.121E-02  0.000E+00
   117  7.204E+01  9.022E-01  2.185E-02  1.975E-02  2.032E-12
   118  8.004E+01  9.268E-01  1.727E-02  1.550E-02  2.990E-09
   119  8.804E+01  9.529E-01  1.179E-02  1.050E-02  7.191E-06
   120  9.605E+01  9.817E-01  4.833E-03  4.272E-03  3.275E-02
   121  1.041E+02  9.851E-01  4.171E-03  3.662E-03  8.157E-02
   122  1.121E+02  9.546E-01  1.325E-02  1.159E-02  3.851E-05
   123  1.201E+02  9.384E-01  1.903E-02  1.654E-02  2.006E-06
   124  1.281E+02  9.373E-01  2.088E-02  1.797E-02  3.828E-06
   125  1.361E+02  9.351E-01  2.321E-02  1.977E-02  5.817E-06
   126  1.441E+02  9.335E-01  2.638E-02  2.211E-02  1.351E-05
   127  1.521E+02  9.391E-01  2.760E-02  2.260E-02  8.958E-05
   128  1.601E+02  9.449E-01  2.979E-02  2.353E-02  5.305E-04
   129  1.681E+02  9.304E-01  4.835E-02  3.600E-02  6.912E-04
   130  1.797E+02  8.852E-01  8.248E-02  6.113E-02  9.850E-05
   131  2.001E+02  3.955E-01  2.500E-01  2.221E-01  2.405E-13
   132  2.241E+02  2.582E-01  1.853E-01  1.759E-01  0.000E+00
   133  2.321E+02  2.402E-01  1.710E-01  1.637E-01  0.000E+00
   134  2.401E+02  2.921E-01  1.569E-01  1.492E-01  0.000E+00
   135  2.481E+02  2.882E-01  1.470E-01  1.404E-01  0.000E+00
   136  2.561E+02  3.430E-01  1.338E-01  1.271E-01  0.000E+00
   137  2.641E+02  3.490E-01  1.264E-01  1.202E-01  0.000E+00
   138  2.721E+02  3.699E-01  1.196E-01  1.137E-01  0.000E+00
   139  2.801E+02  3.164E-01  1.189E-01  1.140E-01  0.000E+00
   140  2.881E+02  3.293E-01  1.131E-01  1.085E-01  0.000E+00
   141  2.961E+02  3.013E-01  1.109E-01  1.069E-01  0.000E+00
   142  3.042E+02  3.136E-01  1.062E-01  1.024E-01  0.000E+00
   143  3.122E+02  2.612E-01  1.066E-01  1.035E-01  0.000E+00
   144  3.202E+02  2.754E-01  1.025E-01  9.947E-02  0.000E+00
   145  3.282E+02  2.501E-01  1.009E-01  9.820E-02  0.000E+00
   146  3.362E+02  2.336E-01  9.886E-02  9.648E-02  0.000E+00
   147  3.442E+02  2.052E-01  9.743E-02  9.541E-02  0.000E+00
   148  3.522E+02  1.919E-01  9.549E-02  9.369E-02  0.000E+00
   149  3.602E+02  1.791E-01  9.365E-02  9.204E-02  0.000E+00
   150  3.682E+02  1.703E-01  9.616E-02  9.455E-02  0.000E+00
   151  3.762E+02  1.576E-01  9.895E-02  9.738E-02  0.000E+00
   152  3.842E+02  1.257E-01  1.024E-01  1.010E-01  0.000E+00
   153  3.922E+02  1.370E-01  1.044E-01  1.029E-01  0.000E+00
   154  4.002E+02  1.636E-01  1.067E-01  1.048E-01  0.000E+00
   155  4.082E+02  1.553E-01  1.103E-01  1.084E-01  0.000E+00
   156  4.162E+02  1.642E-01  1.137E-01  1.115E-01  0.000E+00
   157  4.242E+02  1.800E-01  1.163E-01  1.138E-01  0.000E+00
   158  4.322E+02  1.973E-01  1.200E-01  1.171E-01  0.000E+00
   159  4.402E+02  2.365E-01  1.230E-01  1.193E-01  0.000E+00
   160  4.482E+02  2.259E-01  1.291E-01  1.252E-01  0.000E+00
   161  4.562E+02  2.240E-01  1.342E-01  1.300E-01  0.000E+00
   162  4.642E+02  2.422E-01  1.402E-01  1.353E-01  0.000E+00
   163  4.722E+02  2.726E-01  1.464E-01  1.402E-01  0.000E+00
   164  4.802E+02  2.555E-01  1.576E-01  1.509E-01  0.000E+00
   165  4.882E+02  2.751E-01  1.683E-01  1.600E-01  0.000E+00
   166  4.962E+02  3.018E-01  1.777E-01  1.675E-01  0.000E+00
   167  5.043E+02  3.350E-01  1.930E-01  1.794E-01  0.000E+00
   168  5.123E+02  3.014E-01  2.240E-01  2.077E-01  0.000E+00
   169  5.203E+02  2.593E-01  2.715E-01  2.511E-01  0.000E+00
   170  5.328E+02  2.507E-01  2.842E-01  2.626E-01  0.000E+00
   171  5.603E+02  4.459E-01  2.756E-01  2.361E-01  0.000E+00
   172  5.843E+02  3.912E-01  1.942E-01  1.776E-01  0.000E+00
   173  5.923E+02  3.157E-01  1.870E-01  1.751E-01  0.000E+00
   174  6.003E+02  2.406E-01  1.832E-01  1.747E-01  0.000E+00
   175  6.083E+02  1.964E-01  1.738E-01  1.677E-01  0.000E+00
   176  6.163E+02  1.821E-01  1.644E-01  1.593E-01  0.000E+00
   177  6.243E+02  2.030E-01  1.547E-01  1.497E-01  0.000E+00
   178  6.323E+02  2.087E-01  1.488E-01  1.440E-01  0.000E+00
   179  6.403E+02  1.890E-01  1.431E-01  1.391E-01  0.000E+00
   180  6.483E+02  2.181E-01  1.359E-01  1.317E-01  0.000E+00
   181  6.563E+02  1.891E-01  1.321E-01  1.287E-01  0.000E+00
   182  6.643E+02  1.475E-01  1.289E-01  1.264E-01  0.000E+00
   183  6.723E+02  9.781E-02  1.259E-01  1.243E-01  0.000E+00
   184  6.803E+02  9.438E-02  1.221E-01  1.207E-01  0.000E+00
   185  6.883E+02  4.526E-02  1.190E-01  1.184E-01  0.000E+00
   186  6.963E+02  7.332E-03  1.158E-01  1.157E-01  0.000E+00
   187  7.044E+02 -5.243E-02  1.121E-01  1.128E-01  0.000E+00
   188  7.124E+02 -7.439E-02  1.089E-01  1.098E-01  0.000E+00
   189  7.204E+02 -1.116E-01  1.054E-01  1.067E-01  0.000E+00
   190  7.284E+02 -1.438E-01  1.068E-01  1.086E-01  0.000E+00
   191  7.364E+02 -1.970E-01  1.071E-01  1.096E-01  0.000E+00
   192  7.444E+02 -2.681E-01  1.057E-01  1.091E-01  0.000E+00
   193  7.524E+02 -3.592E-01  1.006E-01  1.050E-01  0.000E+00
   194  7.604E+02 -4.517E-01  9.400E-02  9.937E-02  0.000E+00
   195  7.684E+02 -5.034E-01  9.050E-02  9.646E-02  0.000E+00
   196  7.764E+02 -5.496E-01  8.700E-02  9.349E-02  0.000E+00
   197  7.844E+02 -6.007E-01  8.136E-02  8.819E-02  0.000E+00
   198  7.924E+02 -6.336E-01  7.869E-02  8.594E-02  0.000E+00
   199  8.004E+02 -6.581E-01  7.723E-02  8.495E-02  0.000E+00
   200  8.084E+02 -6.861E-01  7.489E-02  8.307E-02  0.000E+00
   201  8.164E+02 -7.349E-01  6.695E-02  7.509E-02  0.000E+00
   202  8.244E+02 -7.650E-01  6.311E-02  7.154E-02  0.000E+00
   203  8.324E+02 -7.814E-01  6.229E-02  7.134E-02  0.000E+00
   204  8.404E+02 -7.856E-01  6.485E-02  7.499E-02  0.000E+00
   205  8.484E+02 -7.741E-01  7.261E-02  8.472E-02  0.000E+00
   206  8.564E+02 -7.635E-01  8.165E-02  9.639E-02  0.000E+00
   207  8.644E+02 -7.292E-01  1.008E-01  1.203E-01  0.000E+00
   208  8.724E+02 -6.786E-01  1.310E-01  1.583E-01  0.000E+00
   209  8.804E+02 -6.911E-01  1.468E-01  1.850E-01  0.000E+00
   210  8.928E+02 -6.218E-01  1.829E-01  2.287E-01  0.000E+00
   211  9.263E+02 -4.322E-01  2.522E-01  2.958E-01  0.000E+00
   212  9.605E+02 -3.104E-01  1.960E-01  2.109E-01  0.000E+00
   213  9.685E+02 -3.600E-01  1.753E-01  1.897E-01  0.000E+00
   214  9.765E+02 -4.057E-01  1.578E-01  1.714E-01  0.000E+00
   215  9.845E+02 -4.068E-01  1.495E-01  1.617E-01  0.000E+00
   216  9.925E+02 -4.301E-01  1.411E-01  1.528E-01  0.000E+00
#
# ML Peak at t_lag =  +1.041E+02, Likelihood at peak =  +8.157E-02
# 1 sigma ML t_lag interval =  +1.041E+02  +3.702E+00  -6.537E+00
#                           = ( +9.756E+01 ,  +1.078E+02)
